{"/Users/harpindersingh/Cursor Projects/project-aac-game-team-b-1/StoryQuest/app/Gameplay/page.tsx": {"path":"/Users/harpindersingh/Cursor Projects/project-aac-game-team-b-1/StoryQuest/app/Gameplay/page.tsx","statementMap":{"0":{"start":{"line":23,"column":24},"end":{"line":23,"column":null}},"1":{"start":{"line":19,"column":43},"end":{"line":19,"column":null}},"2":{"start":{"line":20,"column":45},"end":{"line":20,"column":null}},"3":{"start":{"line":21,"column":24},"end":{"line":21,"column":null}},"4":{"start":{"line":24,"column":42},"end":{"line":24,"column":null}},"5":{"start":{"line":25,"column":30},"end":{"line":25,"column":null}},"6":{"start":{"line":26,"column":36},"end":{"line":26,"column":null}},"7":{"start":{"line":27,"column":38},"end":{"line":27,"column":null}},"8":{"start":{"line":28,"column":30},"end":{"line":28,"column":null}},"9":{"start":{"line":29,"column":36},"end":{"line":29,"column":null}},"10":{"start":{"line":30,"column":56},"end":{"line":30,"column":null}},"11":{"start":{"line":31,"column":50},"end":{"line":31,"column":null}},"12":{"start":{"line":32,"column":48},"end":{"line":32,"column":null}},"13":{"start":{"line":33,"column":42},"end":{"line":33,"column":null}},"14":{"start":{"line":35,"column":2},"end":{"line":41,"column":null}},"15":{"start":{"line":36,"column":4},"end":{"line":36,"column":null}},"16":{"start":{"line":37,"column":4},"end":{"line":40,"column":null}},"17":{"start":{"line":38,"column":6},"end":{"line":38,"column":null}},"18":{"start":{"line":39,"column":6},"end":{"line":39,"column":null}},"19":{"start":{"line":43,"column":28},"end":{"line":51,"column":null}},"20":{"start":{"line":44,"column":4},"end":{"line":44,"column":null}},"21":{"start":{"line":45,"column":4},"end":{"line":45,"column":null}},"22":{"start":{"line":46,"column":4},"end":{"line":46,"column":null}},"23":{"start":{"line":47,"column":4},"end":{"line":47,"column":null}},"24":{"start":{"line":48,"column":4},"end":{"line":48,"column":null}},"25":{"start":{"line":49,"column":4},"end":{"line":49,"column":null}},"26":{"start":{"line":50,"column":4},"end":{"line":50,"column":null}},"27":{"start":{"line":53,"column":27},"end":{"line":91,"column":null}},"28":{"start":{"line":55,"column":5},"end":{"line":55,"column":null}},"29":{"start":{"line":55,"column":24},"end":{"line":55,"column":null}},"30":{"start":{"line":57,"column":24},"end":{"line":57,"column":72}},"31":{"start":{"line":59,"column":3},"end":{"line":62,"column":null}},"32":{"start":{"line":60,"column":5},"end":{"line":60,"column":null}},"33":{"start":{"line":61,"column":5},"end":{"line":61,"column":null}},"34":{"start":{"line":63,"column":30},"end":{"line":63,"column":86}},"35":{"start":{"line":71,"column":5},"end":{"line":71,"column":null}},"36":{"start":{"line":71,"column":28},"end":{"line":71,"column":null}},"37":{"start":{"line":73,"column":21},"end":{"line":78,"column":null}},"38":{"start":{"line":80,"column":23},"end":{"line":80,"column":null}},"39":{"start":{"line":82,"column":5},"end":{"line":82,"column":60}},"40":{"start":{"line":83,"column":5},"end":{"line":83,"column":57}},"41":{"start":{"line":85,"column":5},"end":{"line":90,"column":null}},"42":{"start":{"line":86,"column":7},"end":{"line":86,"column":null}},"43":{"start":{"line":87,"column":7},"end":{"line":87,"column":null}},"44":{"start":{"line":89,"column":7},"end":{"line":89,"column":null}},"45":{"start":{"line":93,"column":25},"end":{"line":117,"column":null}},"46":{"start":{"line":94,"column":4},"end":{"line":116,"column":null}},"47":{"start":{"line":95,"column":24},"end":{"line":95,"column":null}},"48":{"start":{"line":97,"column":6},"end":{"line":97,"column":null}},"49":{"start":{"line":98,"column":6},"end":{"line":98,"column":null}},"50":{"start":{"line":100,"column":6},"end":{"line":113,"column":null}},"51":{"start":{"line":101,"column":8},"end":{"line":101,"column":null}},"52":{"start":{"line":102,"column":8},"end":{"line":102,"column":null}},"53":{"start":{"line":103,"column":8},"end":{"line":103,"column":null}},"54":{"start":{"line":104,"column":8},"end":{"line":104,"column":null}},"55":{"start":{"line":105,"column":8},"end":{"line":105,"column":null}},"56":{"start":{"line":106,"column":8},"end":{"line":106,"column":null}},"57":{"start":{"line":108,"column":8},"end":{"line":108,"column":null}},"58":{"start":{"line":109,"column":8},"end":{"line":109,"column":null}},"59":{"start":{"line":110,"column":8},"end":{"line":110,"column":null}},"60":{"start":{"line":111,"column":8},"end":{"line":111,"column":null}},"61":{"start":{"line":112,"column":8},"end":{"line":112,"column":null}},"62":{"start":{"line":115,"column":6},"end":{"line":115,"column":58}},"63":{"start":{"line":119,"column":2},"end":{"line":119,"column":null}},"64":{"start":{"line":119,"column":35},"end":{"line":119,"column":null}},"65":{"start":{"line":121,"column":26},"end":{"line":124,"column":null}},"66":{"start":{"line":122,"column":3},"end":{"line":122,"column":null}},"67":{"start":{"line":123,"column":3},"end":{"line":123,"column":null}},"68":{"start":{"line":135,"column":30},"end":{"line":139,"column":null}},"69":{"start":{"line":154,"column":36},"end":{"line":154,"column":null}},"70":{"start":{"line":154,"column":56},"end":{"line":154,"column":82}},"71":{"start":{"line":155,"column":14},"end":{"line":157,"column":null}},"72":{"start":{"line":156,"column":16},"end":{"line":156,"column":null}},"73":{"start":{"line":162,"column":14},"end":{"line":162,"column":40}},"74":{"start":{"line":173,"column":14},"end":{"line":174,"column":null}},"75":{"start":{"line":176,"column":31},"end":{"line":176,"column":null}},"76":{"start":{"line":206,"column":12},"end":{"line":206,"column":29}},"77":{"start":{"line":217,"column":12},"end":{"line":218,"column":null}}},"fnMap":{"0":{"name":"Home","decl":{"start":{"line":23,"column":24},"end":{"line":23,"column":null}},"loc":{"start":{"line":23,"column":24},"end":{"line":242,"column":null}}},"1":{"name":"(anonymous_6)","decl":{"start":{"line":35,"column":12},"end":{"line":35,"column":null}},"loc":{"start":{"line":35,"column":12},"end":{"line":41,"column":5}}},"2":{"name":"(anonymous_7)","decl":{"start":{"line":43,"column":28},"end":{"line":43,"column":29}},"loc":{"start":{"line":43,"column":29},"end":{"line":51,"column":null}}},"3":{"name":"(anonymous_8)","decl":{"start":{"line":53,"column":27},"end":{"line":53,"column":28}},"loc":{"start":{"line":53,"column":28},"end":{"line":91,"column":null}}},"4":{"name":"(anonymous_9)","decl":{"start":{"line":93,"column":25},"end":{"line":93,"column":null}},"loc":{"start":{"line":93,"column":25},"end":{"line":117,"column":null}}},"5":{"name":"(anonymous_10)","decl":{"start":{"line":121,"column":26},"end":{"line":121,"column":27}},"loc":{"start":{"line":121,"column":27},"end":{"line":124,"column":null}}},"6":{"name":"(anonymous_11)","decl":{"start":{"line":135,"column":11},"end":{"line":135,"column":12}},"loc":{"start":{"line":135,"column":30},"end":{"line":139,"column":null}}},"7":{"name":"(anonymous_12)","decl":{"start":{"line":153,"column":22},"end":{"line":153,"column":23}},"loc":{"start":{"line":153,"column":23},"end":{"line":158,"column":null}}},"8":{"name":"(anonymous_13)","decl":{"start":{"line":154,"column":49},"end":{"line":154,"column":50}},"loc":{"start":{"line":154,"column":56},"end":{"line":154,"column":82}}},"9":{"name":"(anonymous_14)","decl":{"start":{"line":161,"column":25},"end":{"line":161,"column":26}},"loc":{"start":{"line":162,"column":14},"end":{"line":162,"column":40}}},"10":{"name":"(anonymous_15)","decl":{"start":{"line":172,"column":78},"end":{"line":172,"column":79}},"loc":{"start":{"line":173,"column":14},"end":{"line":174,"column":null}}},"11":{"name":"(anonymous_16)","decl":{"start":{"line":176,"column":25},"end":{"line":176,"column":31}},"loc":{"start":{"line":176,"column":31},"end":{"line":176,"column":null}}},"12":{"name":"(anonymous_17)","decl":{"start":{"line":205,"column":32},"end":{"line":205,"column":33}},"loc":{"start":{"line":206,"column":12},"end":{"line":206,"column":29}}},"13":{"name":"(anonymous_18)","decl":{"start":{"line":216,"column":31},"end":{"line":216,"column":32}},"loc":{"start":{"line":217,"column":12},"end":{"line":218,"column":null}}}},"branchMap":{"0":{"loc":{"start":{"line":37,"column":4},"end":{"line":40,"column":null}},"type":"if","locations":[{"start":{"line":37,"column":4},"end":{"line":40,"column":null}}]},"1":{"loc":{"start":{"line":55,"column":5},"end":{"line":55,"column":null}},"type":"if","locations":[{"start":{"line":55,"column":5},"end":{"line":55,"column":null}}]},"2":{"loc":{"start":{"line":59,"column":3},"end":{"line":62,"column":null}},"type":"if","locations":[{"start":{"line":59,"column":3},"end":{"line":62,"column":null}}]},"3":{"loc":{"start":{"line":71,"column":5},"end":{"line":71,"column":null}},"type":"if","locations":[{"start":{"line":71,"column":5},"end":{"line":71,"column":null}}]},"4":{"loc":{"start":{"line":74,"column":23},"end":{"line":74,"column":56}},"type":"binary-expr","locations":[{"start":{"line":74,"column":23},"end":{"line":74,"column":50}},{"start":{"line":74,"column":50},"end":{"line":74,"column":56}}]},"5":{"loc":{"start":{"line":76,"column":10},"end":{"line":76,"column":null}},"type":"binary-expr","locations":[{"start":{"line":76,"column":10},"end":{"line":76,"column":28}},{"start":{"line":76,"column":32},"end":{"line":76,"column":null}}]},"6":{"loc":{"start":{"line":77,"column":10},"end":{"line":77,"column":null}},"type":"binary-expr","locations":[{"start":{"line":77,"column":10},"end":{"line":77,"column":28}},{"start":{"line":77,"column":32},"end":{"line":77,"column":null}}]},"7":{"loc":{"start":{"line":85,"column":5},"end":{"line":90,"column":null}},"type":"if","locations":[{"start":{"line":85,"column":5},"end":{"line":90,"column":null}},{"start":{"line":88,"column":12},"end":{"line":90,"column":null}}]},"8":{"loc":{"start":{"line":94,"column":4},"end":{"line":116,"column":null}},"type":"if","locations":[{"start":{"line":94,"column":4},"end":{"line":116,"column":null}},{"start":{"line":114,"column":11},"end":{"line":116,"column":null}}]},"9":{"loc":{"start":{"line":94,"column":8},"end":{"line":94,"column":65}},"type":"binary-expr","locations":[{"start":{"line":94,"column":8},"end":{"line":94,"column":35}},{"start":{"line":94,"column":35},"end":{"line":94,"column":51}},{"start":{"line":94,"column":51},"end":{"line":94,"column":65}}]},"10":{"loc":{"start":{"line":100,"column":6},"end":{"line":113,"column":null}},"type":"if","locations":[{"start":{"line":100,"column":6},"end":{"line":113,"column":null}},{"start":{"line":107,"column":13},"end":{"line":113,"column":null}}]},"11":{"loc":{"start":{"line":119,"column":2},"end":{"line":119,"column":null}},"type":"if","locations":[{"start":{"line":119,"column":2},"end":{"line":119,"column":null}}]},"12":{"loc":{"start":{"line":119,"column":6},"end":{"line":119,"column":35}},"type":"binary-expr","locations":[{"start":{"line":119,"column":6},"end":{"line":119,"column":20}},{"start":{"line":119,"column":20},"end":{"line":119,"column":35}}]},"13":{"loc":{"start":{"line":133,"column":20},"end":{"line":140,"column":13}},"type":"cond-expr","locations":[{"start":{"line":134,"column":13},"end":{"line":139,"column":null}},{"start":{"line":140,"column":11},"end":{"line":140,"column":13}}]},"14":{"loc":{"start":{"line":152,"column":19},"end":{"line":152,"column":null}},"type":"binary-expr","locations":[{"start":{"line":152,"column":19},"end":{"line":152,"column":42}},{"start":{"line":152,"column":42},"end":{"line":152,"column":null}}]},"15":{"loc":{"start":{"line":155,"column":14},"end":{"line":157,"column":null}},"type":"if","locations":[{"start":{"line":155,"column":14},"end":{"line":157,"column":null}}]},"16":{"loc":{"start":{"line":171,"column":11},"end":{"line":174,"column":null}},"type":"binary-expr","locations":[{"start":{"line":171,"column":11},"end":{"line":171,"column":null}},{"start":{"line":172,"column":12},"end":{"line":174,"column":null}}]},"17":{"loc":{"start":{"line":186,"column":9},"end":{"line":186,"column":46}},"type":"binary-expr","locations":[{"start":{"line":186,"column":9},"end":{"line":186,"column":46}},{"start":{"line":186,"column":46},"end":{"line":186,"column":null}}]},"18":{"loc":{"start":{"line":231,"column":9},"end":{"line":231,"column":null}},"type":"binary-expr","locations":[{"start":{"line":231,"column":9},"end":{"line":231,"column":null}}]}},"s":{"0":7,"1":1,"2":1,"3":1,"4":17,"5":17,"6":17,"7":17,"8":17,"9":17,"10":17,"11":17,"12":17,"13":17,"14":17,"15":7,"16":7,"17":7,"18":7,"19":17,"20":0,"21":0,"22":0,"23":0,"24":0,"25":0,"26":0,"27":17,"28":4,"29":0,"30":4,"31":4,"32":1,"33":1,"34":3,"35":3,"36":0,"37":3,"38":3,"39":3,"40":3,"41":3,"42":0,"43":0,"44":3,"45":17,"46":0,"47":0,"48":0,"49":0,"50":0,"51":0,"52":0,"53":0,"54":0,"55":0,"56":0,"57":0,"58":0,"59":0,"60":0,"61":0,"62":0,"63":17,"64":7,"65":10,"66":4,"67":4,"68":20,"69":0,"70":0,"71":0,"72":0,"73":10,"74":20,"75":0,"76":3,"77":3},"f":{"0":17,"1":7,"2":0,"3":4,"4":0,"5":4,"6":20,"7":0,"8":0,"9":10,"10":20,"11":0,"12":3,"13":3},"b":{"0":[7],"1":[0],"2":[1],"3":[0],"4":[3,0],"5":[3,0],"6":[3,0],"7":[0,3],"8":[0,0],"9":[0,0,0],"10":[0,0],"11":[7],"12":[17,10],"13":[10,0],"14":[10,0],"15":[0],"16":[10,10],"17":[10,0],"18":[10]}}
,"/Users/harpindersingh/Cursor Projects/project-aac-game-team-b-1/StoryQuest/app/HomePage/HomePageButtons.tsx": {"path":"/Users/harpindersingh/Cursor Projects/project-aac-game-team-b-1/StoryQuest/app/HomePage/HomePageButtons.tsx","statementMap":{"0":{"start":{"line":36,"column":13},"end":{"line":36,"column":23}},"1":{"start":{"line":7,"column":13},"end":{"line":7,"column":25}},"2":{"start":{"line":22,"column":13},"end":{"line":22,"column":23}},"3":{"start":{"line":50,"column":13},"end":{"line":50,"column":26}},"4":{"start":{"line":66,"column":13},"end":{"line":66,"column":39}},"5":{"start":{"line":3,"column":18},"end":{"line":3,"column":null}},"6":{"start":{"line":4,"column":7},"end":{"line":4,"column":null}},"7":{"start":{"line":5,"column":18},"end":{"line":5,"column":null}},"8":{"start":{"line":7,"column":38},"end":{"line":20,"column":null}},"9":{"start":{"line":22,"column":36},"end":{"line":35,"column":null}},"10":{"start":{"line":36,"column":36},"end":{"line":49,"column":null}},"11":{"start":{"line":50,"column":39},"end":{"line":63,"column":null}},"12":{"start":{"line":66,"column":52},"end":{"line":72,"column":null}}},"fnMap":{"0":{"name":"(anonymous_7)","decl":{"start":{"line":7,"column":38},"end":{"line":7,"column":null}},"loc":{"start":{"line":7,"column":38},"end":{"line":20,"column":null}}},"1":{"name":"(anonymous_8)","decl":{"start":{"line":22,"column":36},"end":{"line":22,"column":null}},"loc":{"start":{"line":22,"column":36},"end":{"line":35,"column":null}}},"2":{"name":"(anonymous_9)","decl":{"start":{"line":36,"column":36},"end":{"line":36,"column":null}},"loc":{"start":{"line":36,"column":36},"end":{"line":49,"column":null}}},"3":{"name":"(anonymous_10)","decl":{"start":{"line":50,"column":39},"end":{"line":50,"column":null}},"loc":{"start":{"line":50,"column":39},"end":{"line":63,"column":null}}},"4":{"name":"(anonymous_11)","decl":{"start":{"line":66,"column":52},"end":{"line":66,"column":null}},"loc":{"start":{"line":66,"column":52},"end":{"line":72,"column":null}}}},"branchMap":{},"s":{"0":33,"1":0,"2":0,"3":0,"4":0,"5":1,"6":1,"7":1,"8":1,"9":1,"10":1,"11":1,"12":1},"f":{"0":0,"1":0,"2":33,"3":0,"4":0},"b":{}}
,"/Users/harpindersingh/Cursor Projects/project-aac-game-team-b-1/StoryQuest/app/Profile/page.tsx": {"path":"/Users/harpindersingh/Cursor Projects/project-aac-game-team-b-1/StoryQuest/app/Profile/page.tsx","statementMap":{"0":{"start":{"line":11,"column":24},"end":{"line":11,"column":null}},"1":{"start":{"line":2,"column":32},"end":{"line":2,"column":null}},"2":{"start":{"line":3,"column":17},"end":{"line":3,"column":null}},"3":{"start":{"line":4,"column":27},"end":{"line":4,"column":null}},"4":{"start":{"line":5,"column":16},"end":{"line":9,"column":null}},"5":{"start":{"line":12,"column":46},"end":{"line":12,"column":null}},"6":{"start":{"line":13,"column":26},"end":{"line":13,"column":null}},"7":{"start":{"line":14,"column":38},"end":{"line":14,"column":null}},"8":{"start":{"line":15,"column":36},"end":{"line":15,"column":null}},"9":{"start":{"line":16,"column":28},"end":{"line":16,"column":null}},"10":{"start":{"line":18,"column":21},"end":{"line":21,"column":null}},"11":{"start":{"line":20,"column":4},"end":{"line":20,"column":null}},"12":{"start":{"line":23,"column":23},"end":{"line":26,"column":null}},"13":{"start":{"line":25,"column":4},"end":{"line":25,"column":null}},"14":{"start":{"line":47,"column":12},"end":{"line":48,"column":null}},"15":{"start":{"line":49,"column":29},"end":{"line":49,"column":null}},"16":{"start":{"line":76,"column":31},"end":{"line":76,"column":null}},"17":{"start":{"line":98,"column":33},"end":{"line":98,"column":null}},"18":{"start":{"line":117,"column":33},"end":{"line":117,"column":null}},"19":{"start":{"line":139,"column":31},"end":{"line":139,"column":null}}},"fnMap":{"0":{"name":"ProfilePage","decl":{"start":{"line":11,"column":24},"end":{"line":11,"column":null}},"loc":{"start":{"line":11,"column":24},"end":{"line":172,"column":null}}},"1":{"name":"(anonymous_6)","decl":{"start":{"line":18,"column":21},"end":{"line":18,"column":null}},"loc":{"start":{"line":18,"column":21},"end":{"line":21,"column":null}}},"2":{"name":"(anonymous_7)","decl":{"start":{"line":23,"column":23},"end":{"line":23,"column":null}},"loc":{"start":{"line":23,"column":23},"end":{"line":26,"column":null}}},"3":{"name":"(anonymous_8)","decl":{"start":{"line":46,"column":23},"end":{"line":46,"column":24}},"loc":{"start":{"line":47,"column":12},"end":{"line":48,"column":null}}},"4":{"name":"(anonymous_9)","decl":{"start":{"line":49,"column":23},"end":{"line":49,"column":29}},"loc":{"start":{"line":49,"column":29},"end":{"line":49,"column":null}}},"5":{"name":"(anonymous_10)","decl":{"start":{"line":76,"column":24},"end":{"line":76,"column":25}},"loc":{"start":{"line":76,"column":31},"end":{"line":76,"column":null}}},"6":{"name":"(anonymous_11)","decl":{"start":{"line":98,"column":26},"end":{"line":98,"column":27}},"loc":{"start":{"line":98,"column":33},"end":{"line":98,"column":null}}},"7":{"name":"(anonymous_12)","decl":{"start":{"line":117,"column":26},"end":{"line":117,"column":27}},"loc":{"start":{"line":117,"column":33},"end":{"line":117,"column":null}}},"8":{"name":"(anonymous_13)","decl":{"start":{"line":139,"column":24},"end":{"line":139,"column":25}},"loc":{"start":{"line":139,"column":31},"end":{"line":139,"column":null}}}},"branchMap":{"0":{"loc":{"start":{"line":50,"column":76},"end":{"line":50,"column":null}},"type":"cond-expr","locations":[{"start":{"line":50,"column":104},"end":{"line":50,"column":124}},{"start":{"line":50,"column":124},"end":{"line":50,"column":null}}]}},"s":{"0":5,"1":1,"2":1,"3":1,"4":1,"5":33,"6":33,"7":33,"8":33,"9":33,"10":33,"11":1,"12":33,"13":1,"14":99,"15":1,"16":8,"17":7,"18":4,"19":8},"f":{"0":33,"1":1,"2":1,"3":99,"4":1,"5":8,"6":7,"7":4,"8":8},"b":{"0":[33,66]}}
}
