TN:
SF:app/Gameplay/page.tsx
FN:23,Home
FN:35,(anonymous_6)
FN:43,(anonymous_7)
FN:53,(anonymous_8)
FN:93,(anonymous_9)
FN:121,(anonymous_10)
FN:135,(anonymous_11)
FN:153,(anonymous_12)
FN:154,(anonymous_13)
FN:161,(anonymous_14)
FN:172,(anonymous_15)
FN:176,(anonymous_16)
FN:205,(anonymous_17)
FN:216,(anonymous_18)
FNF:14
FNH:9
FNDA:17,Home
FNDA:7,(anonymous_6)
FNDA:0,(anonymous_7)
FNDA:4,(anonymous_8)
FNDA:0,(anonymous_9)
FNDA:4,(anonymous_10)
FNDA:20,(anonymous_11)
FNDA:0,(anonymous_12)
FNDA:0,(anonymous_13)
FNDA:10,(anonymous_14)
FNDA:20,(anonymous_15)
FNDA:0,(anonymous_16)
FNDA:3,(anonymous_17)
FNDA:3,(anonymous_18)
DA:19,1
DA:20,1
DA:21,1
DA:23,7
DA:24,17
DA:25,17
DA:26,17
DA:27,17
DA:28,17
DA:29,17
DA:30,17
DA:31,17
DA:32,17
DA:33,17
DA:35,17
DA:36,7
DA:37,7
DA:38,7
DA:39,7
DA:43,17
DA:44,0
DA:45,0
DA:46,0
DA:47,0
DA:48,0
DA:49,0
DA:50,0
DA:53,17
DA:55,4
DA:57,4
DA:59,4
DA:60,1
DA:61,1
DA:63,3
DA:71,3
DA:73,3
DA:80,3
DA:82,3
DA:83,3
DA:85,3
DA:86,0
DA:87,0
DA:89,3
DA:93,17
DA:94,0
DA:95,0
DA:97,0
DA:98,0
DA:100,0
DA:101,0
DA:102,0
DA:103,0
DA:104,0
DA:105,0
DA:106,0
DA:108,0
DA:109,0
DA:110,0
DA:111,0
DA:112,0
DA:115,0
DA:119,17
DA:121,10
DA:122,4
DA:123,4
DA:135,20
DA:154,0
DA:155,0
DA:156,0
DA:162,10
DA:173,20
DA:176,0
DA:206,3
DA:217,3
LF:74
LH:44
BRDA:37,0,0,7
BRDA:55,1,0,0
BRDA:59,2,0,1
BRDA:71,3,0,0
BRDA:74,4,0,3
BRDA:74,4,1,0
BRDA:76,5,0,3
BRDA:76,5,1,0
BRDA:77,6,0,3
BRDA:77,6,1,0
BRDA:85,7,0,0
BRDA:85,7,1,3
BRDA:94,8,0,0
BRDA:94,8,1,0
BRDA:94,9,0,0
BRDA:94,9,1,0
BRDA:94,9,2,0
BRDA:100,10,0,0
BRDA:100,10,1,0
BRDA:119,11,0,7
BRDA:119,12,0,17
BRDA:119,12,1,10
BRDA:133,13,0,10
BRDA:133,13,1,0
BRDA:152,14,0,10
BRDA:152,14,1,0
BRDA:155,15,0,0
BRDA:171,16,0,10
BRDA:171,16,1,10
BRDA:186,17,0,10
BRDA:186,17,1,0
BRDA:231,18,0,10
BRF:32
BRH:15
end_of_record
TN:
SF:app/HomePage/HomePageButtons.tsx
FN:7,(anonymous_7)
FN:22,(anonymous_8)
FN:36,(anonymous_9)
FN:50,(anonymous_10)
FN:66,(anonymous_11)
FNF:5
FNH:1
FNDA:0,(anonymous_7)
FNDA:0,(anonymous_8)
FNDA:33,(anonymous_9)
FNDA:0,(anonymous_10)
FNDA:0,(anonymous_11)
DA:3,1
DA:4,1
DA:5,1
DA:7,1
DA:22,1
DA:36,33
DA:50,1
DA:66,1
LF:8
LH:8
BRF:0
BRH:0
end_of_record
TN:
SF:app/Profile/page.tsx
FN:11,ProfilePage
FN:18,(anonymous_6)
FN:23,(anonymous_7)
FN:46,(anonymous_8)
FN:49,(anonymous_9)
FN:76,(anonymous_10)
FN:98,(anonymous_11)
FN:117,(anonymous_12)
FN:139,(anonymous_13)
FNF:9
FNH:9
FNDA:33,ProfilePage
FNDA:1,(anonymous_6)
FNDA:1,(anonymous_7)
FNDA:99,(anonymous_8)
FNDA:1,(anonymous_9)
FNDA:8,(anonymous_10)
FNDA:7,(anonymous_11)
FNDA:4,(anonymous_12)
FNDA:8,(anonymous_13)
DA:2,1
DA:3,1
DA:4,1
DA:5,1
DA:11,5
DA:12,33
DA:13,33
DA:14,33
DA:15,33
DA:16,33
DA:18,33
DA:20,1
DA:23,33
DA:25,1
DA:47,99
DA:49,1
DA:76,8
DA:98,7
DA:117,4
DA:139,8
LF:20
LH:20
BRDA:50,0,0,33
BRDA:50,0,1,66
BRF:2
BRH:2
end_of_record
